{"/Users/vishsiddharth/Desktop/breakglasswing/src/core/correlation.ts": {"path":"/Users/vishsiddharth/Desktop/breakglasswing/src/core/correlation.ts","statementMap":{"0":{"start":{"line":20,"column":0},"end":{"line":20,"column":16}},"1":{"start":{"line":28,"column":0},"end":{"line":28,"column":16}},"2":{"start":{"line":7,"column":0},"end":{"line":7,"column":53}},"3":{"start":{"line":8,"column":0},"end":{"line":8,"column":33}},"4":{"start":{"line":14,"column":25},"end":{"line":14,"column":68}},"5":{"start":{"line":21,"column":20},"end":{"line":21,"column":55}},"6":{"start":{"line":22,"column":2},"end":{"line":22,"column":49}},"7":{"start":{"line":29,"column":2},"end":{"line":29,"column":48}}},"fnMap":{"0":{"name":"withCorrelation","decl":{"start":{"line":20,"column":16},"end":{"line":20,"column":31}},"loc":{"start":{"line":20,"column":59},"end":{"line":23,"column":1}}},"1":{"name":"getCorrelationId","decl":{"start":{"line":28,"column":16},"end":{"line":28,"column":32}},"loc":{"start":{"line":28,"column":32},"end":{"line":30,"column":1}}}},"branchMap":{},"s":{"0":2,"1":2,"2":2,"3":2,"4":2,"5":0,"6":0,"7":22},"f":{"0":0,"1":22},"b":{}}
,"/Users/vishsiddharth/Desktop/breakglasswing/src/core/errors.ts": {"path":"/Users/vishsiddharth/Desktop/breakglasswing/src/core/errors.ts","statementMap":{"0":{"start":{"line":13,"column":4},"end":{"line":13,"column":19}},"1":{"start":{"line":10,"column":20},"end":{"line":10,"column":32}},"2":{"start":{"line":11,"column":20},"end":{"line":11,"column":45}},"3":{"start":{"line":14,"column":4},"end":{"line":14,"column":27}},"4":{"start":{"line":16,"column":4},"end":{"line":16,"column":54}},"5":{"start":{"line":7,"column":0},"end":{"line":7,"column":13}},"6":{"start":{"line":23,"column":4},"end":{"line":23,"column":55}},"7":{"start":{"line":24,"column":4},"end":{"line":24,"column":36}},"8":{"start":{"line":21,"column":0},"end":{"line":21,"column":13}},"9":{"start":{"line":31,"column":4},"end":{"line":31,"column":52}},"10":{"start":{"line":32,"column":4},"end":{"line":32,"column":32}},"11":{"start":{"line":29,"column":0},"end":{"line":29,"column":13}},"12":{"start":{"line":43,"column":4},"end":{"line":43,"column":32}},"13":{"start":{"line":40,"column":20},"end":{"line":40,"column":38}},"14":{"start":{"line":41,"column":20},"end":{"line":41,"column":52}},"15":{"start":{"line":44,"column":4},"end":{"line":44,"column":27}},"16":{"start":{"line":37,"column":0},"end":{"line":37,"column":13}},"17":{"start":{"line":51,"column":4},"end":{"line":51,"column":27}},"18":{"start":{"line":52,"column":4},"end":{"line":52,"column":34}},"19":{"start":{"line":49,"column":0},"end":{"line":49,"column":13}},"20":{"start":{"line":59,"column":4},"end":{"line":59,"column":40}},"21":{"start":{"line":60,"column":4},"end":{"line":60,"column":36}},"22":{"start":{"line":57,"column":0},"end":{"line":57,"column":13}},"23":{"start":{"line":67,"column":4},"end":{"line":67,"column":35}},"24":{"start":{"line":68,"column":4},"end":{"line":68,"column":30}},"25":{"start":{"line":65,"column":0},"end":{"line":65,"column":13}},"26":{"start":{"line":75,"column":4},"end":{"line":75,"column":33}},"27":{"start":{"line":76,"column":4},"end":{"line":76,"column":28}},"28":{"start":{"line":73,"column":0},"end":{"line":73,"column":13}}},"fnMap":{"0":{"name":"(anonymous_0)","decl":{"start":{"line":8,"column":2},"end":{"line":8,"column":null}},"loc":{"start":{"line":11,"column":49},"end":{"line":17,"column":3}}},"1":{"name":"(anonymous_1)","decl":{"start":{"line":22,"column":2},"end":{"line":22,"column":14}},"loc":{"start":{"line":22,"column":28},"end":{"line":25,"column":3}}},"2":{"name":"(anonymous_2)","decl":{"start":{"line":30,"column":2},"end":{"line":30,"column":14}},"loc":{"start":{"line":30,"column":51},"end":{"line":33,"column":3}}},"3":{"name":"(anonymous_3)","decl":{"start":{"line":38,"column":2},"end":{"line":38,"column":null}},"loc":{"start":{"line":41,"column":56},"end":{"line":45,"column":3}}},"4":{"name":"(anonymous_4)","decl":{"start":{"line":50,"column":2},"end":{"line":50,"column":14}},"loc":{"start":{"line":50,"column":29},"end":{"line":53,"column":3}}},"5":{"name":"(anonymous_5)","decl":{"start":{"line":58,"column":2},"end":{"line":58,"column":14}},"loc":{"start":{"line":58,"column":67},"end":{"line":61,"column":3}}},"6":{"name":"(anonymous_6)","decl":{"start":{"line":66,"column":2},"end":{"line":66,"column":14}},"loc":{"start":{"line":66,"column":29},"end":{"line":69,"column":3}}},"7":{"name":"(anonymous_7)","decl":{"start":{"line":74,"column":2},"end":{"line":74,"column":14}},"loc":{"start":{"line":74,"column":29},"end":{"line":77,"column":3}}}},"branchMap":{"0":{"loc":{"start":{"line":11,"column":20},"end":{"line":11,"column":49}},"type":"default-arg","locations":[{"start":{"line":11,"column":45},"end":{"line":11,"column":49}}]},"1":{"loc":{"start":{"line":30,"column":31},"end":{"line":30,"column":51}},"type":"default-arg","locations":[{"start":{"line":30,"column":47},"end":{"line":30,"column":51}}]},"2":{"loc":{"start":{"line":41,"column":20},"end":{"line":41,"column":56}},"type":"default-arg","locations":[{"start":{"line":41,"column":52},"end":{"line":41,"column":56}}]},"3":{"loc":{"start":{"line":58,"column":31},"end":{"line":58,"column":67}},"type":"default-arg","locations":[{"start":{"line":58,"column":63},"end":{"line":58,"column":67}}]}},"s":{"0":3,"1":3,"2":3,"3":3,"4":3,"5":1,"6":3,"7":3,"8":1,"9":0,"10":0,"11":1,"12":0,"13":0,"14":0,"15":0,"16":1,"17":0,"18":0,"19":1,"20":0,"21":0,"22":1,"23":0,"24":0,"25":1,"26":0,"27":0,"28":1},"f":{"0":3,"1":3,"2":0,"3":0,"4":0,"5":0,"6":0,"7":0},"b":{"0":[3],"1":[0],"2":[0],"3":[0]}}
,"/Users/vishsiddharth/Desktop/breakglasswing/src/core/event.bus.ts": {"path":"/Users/vishsiddharth/Desktop/breakglasswing/src/core/event.bus.ts","statementMap":{"0":{"start":{"line":1,"column":0},"end":{"line":1,"column":38}},"1":{"start":{"line":5,"column":20},"end":{"line":5,"column":38}},"2":{"start":{"line":9,"column":4},"end":{"line":11,"column":7}},"3":{"start":{"line":10,"column":6},"end":{"line":10,"column":72}},"4":{"start":{"line":15,"column":4},"end":{"line":15,"column":45}},"5":{"start":{"line":19,"column":4},"end":{"line":19,"column":36}},"6":{"start":{"line":23,"column":4},"end":{"line":23,"column":37}},"7":{"start":{"line":4,"column":0},"end":{"line":4,"column":13}}},"fnMap":{"0":{"name":"(anonymous_0)","decl":{"start":{"line":7,"column":2},"end":{"line":7,"column":null}},"loc":{"start":{"line":7,"column":2},"end":{"line":12,"column":3}}},"1":{"name":"(anonymous_1)","decl":{"start":{"line":9,"column":29},"end":{"line":9,"column":30}},"loc":{"start":{"line":9,"column":37},"end":{"line":11,"column":5}}},"2":{"name":"(anonymous_2)","decl":{"start":{"line":14,"column":2},"end":{"line":14,"column":6}},"loc":{"start":{"line":14,"column":36},"end":{"line":16,"column":3}}},"3":{"name":"(anonymous_3)","decl":{"start":{"line":18,"column":2},"end":{"line":18,"column":4}},"loc":{"start":{"line":18,"column":53},"end":{"line":20,"column":3}}},"4":{"name":"(anonymous_4)","decl":{"start":{"line":22,"column":2},"end":{"line":22,"column":5}},"loc":{"start":{"line":22,"column":54},"end":{"line":24,"column":3}}}},"branchMap":{},"s":{"0":1,"1":5,"2":5,"3":0,"4":3,"5":0,"6":0,"7":1},"f":{"0":5,"1":0,"2":3,"3":0,"4":0},"b":{}}
,"/Users/vishsiddharth/Desktop/breakglasswing/src/credits/api.key.manager.ts": {"path":"/Users/vishsiddharth/Desktop/breakglasswing/src/credits/api.key.manager.ts","statementMap":{"0":{"start":{"line":1,"column":0},"end":{"line":1,"column":34}},"1":{"start":{"line":15,"column":34},"end":{"line":15,"column":36}},"2":{"start":{"line":16,"column":26},"end":{"line":16,"column":27}},"3":{"start":{"line":19,"column":39},"end":{"line":19,"column":42}},"4":{"start":{"line":20,"column":38},"end":{"line":20,"column":42}},"5":{"start":{"line":21,"column":41},"end":{"line":21,"column":44}},"6":{"start":{"line":25,"column":23},"end":{"line":25,"column":48}},"7":{"start":{"line":26,"column":4},"end":{"line":35,"column":8}},"8":{"start":{"line":26,"column":47},"end":{"line":35,"column":6}},"9":{"start":{"line":36,"column":4},"end":{"line":36,"column":94}},"10":{"start":{"line":40,"column":4},"end":{"line":40,"column":89}},"11":{"start":{"line":40,"column":37},"end":{"line":40,"column":89}},"12":{"start":{"line":42,"column":14},"end":{"line":42,"column":35}},"13":{"start":{"line":43,"column":16},"end":{"line":43,"column":33}},"14":{"start":{"line":46,"column":4},"end":{"line":55,"column":5}},"15":{"start":{"line":46,"column":17},"end":{"line":46,"column":18}},"16":{"start":{"line":47,"column":18},"end":{"line":47,"column":38}},"17":{"start":{"line":48,"column":20},"end":{"line":48,"column":39}},"18":{"start":{"line":50,"column":6},"end":{"line":54,"column":7}},"19":{"start":{"line":51,"column":8},"end":{"line":51,"column":35}},"20":{"start":{"line":52,"column":8},"end":{"line":52,"column":30}},"21":{"start":{"line":53,"column":8},"end":{"line":53,"column":62}},"22":{"start":{"line":58,"column":18},"end":{"line":58,"column":19}},"23":{"start":{"line":59,"column":26},"end":{"line":59,"column":58}},"24":{"start":{"line":61,"column":4},"end":{"line":66,"column":5}},"25":{"start":{"line":61,"column":17},"end":{"line":61,"column":18}},"26":{"start":{"line":62,"column":6},"end":{"line":65,"column":7}},"27":{"start":{"line":63,"column":8},"end":{"line":63,"column":20}},"28":{"start":{"line":64,"column":8},"end":{"line":64,"column":59}},"29":{"start":{"line":68,"column":4},"end":{"line":68,"column":44}},"30":{"start":{"line":69,"column":25},"end":{"line":69,"column":59}},"31":{"start":{"line":71,"column":4},"end":{"line":71,"column":82}},"32":{"start":{"line":75,"column":16},"end":{"line":75,"column":33}},"33":{"start":{"line":76,"column":14},"end":{"line":76,"column":33}},"34":{"start":{"line":78,"column":4},"end":{"line":85,"column":5}},"35":{"start":{"line":79,"column":6},"end":{"line":79,"column":19}},"36":{"start":{"line":80,"column":6},"end":{"line":80,"column":28}},"37":{"start":{"line":81,"column":6},"end":{"line":81,"column":28}},"38":{"start":{"line":82,"column":6},"end":{"line":82,"column":28}},"39":{"start":{"line":83,"column":6},"end":{"line":83,"column":29}},"40":{"start":{"line":84,"column":6},"end":{"line":84,"column":13}},"41":{"start":{"line":87,"column":4},"end":{"line":87,"column":19}},"42":{"start":{"line":89,"column":4},"end":{"line":121,"column":5}},"43":{"start":{"line":90,"column":6},"end":{"line":90,"column":26}},"44":{"start":{"line":91,"column":21},"end":{"line":91,"column":35}},"45":{"start":{"line":93,"column":6},"end":{"line":98,"column":7}},"46":{"start":{"line":94,"column":8},"end":{"line":97,"column":10}},"47":{"start":{"line":100,"column":21},"end":{"line":100,"column":61}},"48":{"start":{"line":101,"column":6},"end":{"line":101,"column":49}},"49":{"start":{"line":103,"column":6},"end":{"line":103,"column":147}},"50":{"start":{"line":105,"column":9},"end":{"line":121,"column":5}},"51":{"start":{"line":106,"column":6},"end":{"line":106,"column":26}},"52":{"start":{"line":107,"column":6},"end":{"line":107,"column":35}},"53":{"start":{"line":108,"column":6},"end":{"line":108,"column":102}},"54":{"start":{"line":110,"column":9},"end":{"line":121,"column":5}},"55":{"start":{"line":111,"column":6},"end":{"line":111,"column":26}},"56":{"start":{"line":112,"column":6},"end":{"line":112,"column":35}},"57":{"start":{"line":113,"column":6},"end":{"line":113,"column":72}},"58":{"start":{"line":115,"column":9},"end":{"line":121,"column":5}},"59":{"start":{"line":116,"column":6},"end":{"line":116,"column":35}},"60":{"start":{"line":118,"column":9},"end":{"line":121,"column":5}},"61":{"start":{"line":119,"column":6},"end":{"line":119,"column":35}},"62":{"start":{"line":120,"column":6},"end":{"line":120,"column":91}},"63":{"start":{"line":125,"column":4},"end":{"line":130,"column":8}},"64":{"start":{"line":125,"column":40},"end":{"line":130,"column":6}},"65":{"start":{"line":14,"column":0},"end":{"line":14,"column":13}}},"fnMap":{"0":{"name":"(anonymous_0)","decl":{"start":{"line":23,"column":2},"end":{"line":23,"column":14}},"loc":{"start":{"line":23,"column":28},"end":{"line":37,"column":3}}},"1":{"name":"(anonymous_1)","decl":{"start":{"line":26,"column":36},"end":{"line":26,"column":42}},"loc":{"start":{"line":26,"column":47},"end":{"line":35,"column":6}}},"2":{"name":"(anonymous_2)","decl":{"start":{"line":39,"column":9},"end":{"line":39,"column":19}},"loc":{"start":{"line":39,"column":19},"end":{"line":72,"column":3}}},"3":{"name":"(anonymous_3)","decl":{"start":{"line":74,"column":9},"end":{"line":74,"column":24}},"loc":{"start":{"line":74,"column":90},"end":{"line":122,"column":3}}},"4":{"name":"(anonymous_4)","decl":{"start":{"line":124,"column":9},"end":{"line":124,"column":18}},"loc":{"start":{"line":124,"column":18},"end":{"line":131,"column":3}}},"5":{"name":"(anonymous_5)","decl":{"start":{"line":125,"column":30},"end":{"line":125,"column":35}},"loc":{"start":{"line":125,"column":40},"end":{"line":130,"column":6}}}},"branchMap":{"0":{"loc":{"start":{"line":40,"column":4},"end":{"line":40,"column":89}},"type":"if","locations":[{"start":{"line":40,"column":4},"end":{"line":40,"column":89}},{"start":{},"end":{}}]},"1":{"loc":{"start":{"line":50,"column":6},"end":{"line":54,"column":7}},"type":"if","locations":[{"start":{"line":50,"column":6},"end":{"line":54,"column":7}},{"start":{},"end":{}}]},"2":{"loc":{"start":{"line":62,"column":6},"end":{"line":65,"column":7}},"type":"if","locations":[{"start":{"line":62,"column":6},"end":{"line":65,"column":7}},{"start":{},"end":{}}]},"3":{"loc":{"start":{"line":74,"column":54},"end":{"line":74,"column":90}},"type":"default-arg","locations":[{"start":{"line":74,"column":86},"end":{"line":74,"column":90}}]},"4":{"loc":{"start":{"line":78,"column":4},"end":{"line":85,"column":5}},"type":"if","locations":[{"start":{"line":78,"column":4},"end":{"line":85,"column":5}},{"start":{},"end":{}}]},"5":{"loc":{"start":{"line":78,"column":8},"end":{"line":78,"column":37}},"type":"binary-expr","locations":[{"start":{"line":78,"column":8},"end":{"line":78,"column":21}},{"start":{"line":78,"column":25},"end":{"line":78,"column":37}}]},"6":{"loc":{"start":{"line":89,"column":4},"end":{"line":121,"column":5}},"type":"if","locations":[{"start":{"line":89,"column":4},"end":{"line":121,"column":5}},{"start":{"line":105,"column":9},"end":{"line":121,"column":5}}]},"7":{"loc":{"start":{"line":93,"column":6},"end":{"line":98,"column":7}},"type":"if","locations":[{"start":{"line":93,"column":6},"end":{"line":98,"column":7}},{"start":{},"end":{}}]},"8":{"loc":{"start":{"line":105,"column":9},"end":{"line":121,"column":5}},"type":"if","locations":[{"start":{"line":105,"column":9},"end":{"line":121,"column":5}},{"start":{"line":110,"column":9},"end":{"line":121,"column":5}}]},"9":{"loc":{"start":{"line":110,"column":9},"end":{"line":121,"column":5}},"type":"if","locations":[{"start":{"line":110,"column":9},"end":{"line":121,"column":5}},{"start":{"line":115,"column":9},"end":{"line":121,"column":5}}]},"10":{"loc":{"start":{"line":115,"column":9},"end":{"line":121,"column":5}},"type":"if","locations":[{"start":{"line":115,"column":9},"end":{"line":121,"column":5}},{"start":{"line":118,"column":9},"end":{"line":121,"column":5}}]},"11":{"loc":{"start":{"line":115,"column":13},"end":{"line":115,"column":45}},"type":"binary-expr","locations":[{"start":{"line":115,"column":13},"end":{"line":115,"column":27}},{"start":{"line":115,"column":31},"end":{"line":115,"column":45}}]},"12":{"loc":{"start":{"line":118,"column":9},"end":{"line":121,"column":5}},"type":"if","locations":[{"start":{"line":118,"column":9},"end":{"line":121,"column":5}},{"start":{},"end":{}}]},"13":{"loc":{"start":{"line":127,"column":14},"end":{"line":129,"column":15}},"type":"cond-expr","locations":[{"start":{"line":128,"column":10},"end":{"line":128,"column":71}},{"start":{"line":129,"column":10},"end":{"line":129,"column":15}}]},"14":{"loc":{"start":{"line":127,"column":14},"end":{"line":127,"column":53}},"type":"binary-expr","locations":[{"start":{"line":127,"column":14},"end":{"line":127,"column":26}},{"start":{"line":127,"column":30},"end":{"line":127,"column":53}}]}},"s":{"0":1,"1":2,"2":2,"3":2,"4":2,"5":2,"6":2,"7":2,"8":6,"9":2,"10":8,"11":0,"12":8,"13":8,"14":8,"15":8,"16":9,"17":9,"18":9,"19":8,"20":8,"21":8,"22":0,"23":0,"24":0,"25":0,"26":0,"27":0,"28":0,"29":0,"30":0,"31":0,"32":1,"33":1,"34":1,"35":0,"36":0,"37":0,"38":0,"39":0,"40":0,"41":1,"42":1,"43":1,"44":1,"45":1,"46":1,"47":1,"48":1,"49":1,"50":0,"51":0,"52":0,"53":0,"54":0,"55":0,"56":0,"57":0,"58":0,"59":0,"60":0,"61":0,"62":0,"63":0,"64":0,"65":1},"f":{"0":2,"1":6,"2":8,"3":1,"4":0,"5":0},"b":{"0":[0,8],"1":[8,1],"2":[0,0],"3":[1],"4":[0,1],"5":[1,1],"6":[1,0],"7":[1,0],"8":[0,0],"9":[0,0],"10":[0,0],"11":[0,0],"12":[0,0],"13":[0,0],"14":[0,0]}}
,"/Users/vishsiddharth/Desktop/breakglasswing/src/governor/budget.veto.ts": {"path":"/Users/vishsiddharth/Desktop/breakglasswing/src/governor/budget.veto.ts","statementMap":{"0":{"start":{"line":1,"column":0},"end":{"line":1,"column":34}},"1":{"start":{"line":2,"column":0},"end":{"line":2,"column":47}},"2":{"start":{"line":3,"column":0},"end":{"line":3,"column":51}},"3":{"start":{"line":4,"column":0},"end":{"line":4,"column":29}},"4":{"start":{"line":5,"column":0},"end":{"line":5,"column":34}},"5":{"start":{"line":6,"column":0},"end":{"line":6,"column":29}},"6":{"start":{"line":7,"column":0},"end":{"line":7,"column":36}},"7":{"start":{"line":10,"column":38},"end":{"line":10,"column":39}},"8":{"start":{"line":12,"column":24},"end":{"line":12,"column":35}},"9":{"start":{"line":15,"column":23},"end":{"line":15,"column":70}},"10":{"start":{"line":16,"column":4},"end":{"line":16,"column":61}},"11":{"start":{"line":19,"column":4},"end":{"line":21,"column":5}},"12":{"start":{"line":20,"column":6},"end":{"line":20,"column":56}},"13":{"start":{"line":23,"column":4},"end":{"line":23,"column":35}},"14":{"start":{"line":27,"column":4},"end":{"line":46,"column":5}},"15":{"start":{"line":28,"column":6},"end":{"line":43,"column":7}},"16":{"start":{"line":29,"column":21},"end":{"line":29,"column":80}},"17":{"start":{"line":32,"column":22},"end":{"line":32,"column":60}},"18":{"start":{"line":33,"column":8},"end":{"line":40,"column":9}},"19":{"start":{"line":34,"column":10},"end":{"line":34,"column":37}},"20":{"start":{"line":35,"column":10},"end":{"line":35,"column":41}},"21":{"start":{"line":36,"column":10},"end":{"line":36,"column":77}},"22":{"start":{"line":38,"column":10},"end":{"line":38,"column":51}},"23":{"start":{"line":39,"column":10},"end":{"line":39,"column":145}},"24":{"start":{"line":42,"column":8},"end":{"line":42,"column":39}},"25":{"start":{"line":45,"column":6},"end":{"line":45,"column":73}},"26":{"start":{"line":50,"column":18},"end":{"line":50,"column":56}},"27":{"start":{"line":51,"column":17},"end":{"line":54,"column":6}},"28":{"start":{"line":55,"column":4},"end":{"line":55,"column":84}},"29":{"start":{"line":59,"column":18},"end":{"line":59,"column":56}},"30":{"start":{"line":60,"column":17},"end":{"line":63,"column":6}},"31":{"start":{"line":64,"column":4},"end":{"line":64,"column":82}},"32":{"start":{"line":68,"column":4},"end":{"line":72,"column":7}},"33":{"start":{"line":69,"column":6},"end":{"line":69,"column":42}},"34":{"start":{"line":70,"column":6},"end":{"line":70,"column":44}},"35":{"start":{"line":71,"column":6},"end":{"line":71,"column":133}},"36":{"start":{"line":76,"column":4},"end":{"line":81,"column":7}},"37":{"start":{"line":77,"column":6},"end":{"line":80,"column":7}},"38":{"start":{"line":78,"column":8},"end":{"line":78,"column":116}},"39":{"start":{"line":79,"column":8},"end":{"line":79,"column":62}},"40":{"start":{"line":9,"column":0},"end":{"line":9,"column":13}}},"fnMap":{"0":{"name":"(anonymous_9)","decl":{"start":{"line":14,"column":2},"end":{"line":14,"column":null}},"loc":{"start":{"line":14,"column":2},"end":{"line":24,"column":3}}},"1":{"name":"(anonymous_10)","decl":{"start":{"line":26,"column":10},"end":{"line":26,"column":33}},"loc":{"start":{"line":26,"column":33},"end":{"line":47,"column":3}}},"2":{"name":"(anonymous_11)","decl":{"start":{"line":49,"column":10},"end":{"line":49,"column":33}},"loc":{"start":{"line":49,"column":33},"end":{"line":56,"column":3}}},"3":{"name":"(anonymous_12)","decl":{"start":{"line":58,"column":10},"end":{"line":58,"column":15}},"loc":{"start":{"line":58,"column":40},"end":{"line":65,"column":3}}},"4":{"name":"(anonymous_13)","decl":{"start":{"line":67,"column":2},"end":{"line":67,"column":7}},"loc":{"start":{"line":67,"column":37},"end":{"line":73,"column":3}}},"5":{"name":"(anonymous_14)","decl":{"start":{"line":68,"column":40},"end":{"line":68,"column":45}},"loc":{"start":{"line":68,"column":51},"end":{"line":72,"column":5}}},"6":{"name":"(anonymous_15)","decl":{"start":{"line":75,"column":2},"end":{"line":75,"column":7}},"loc":{"start":{"line":75,"column":42},"end":{"line":82,"column":3}}},"7":{"name":"(anonymous_16)","decl":{"start":{"line":76,"column":40},"end":{"line":76,"column":45}},"loc":{"start":{"line":76,"column":51},"end":{"line":81,"column":5}}}},"branchMap":{"0":{"loc":{"start":{"line":19,"column":4},"end":{"line":21,"column":5}},"type":"if","locations":[{"start":{"line":19,"column":4},"end":{"line":21,"column":5}},{"start":{},"end":{}}]},"1":{"loc":{"start":{"line":28,"column":6},"end":{"line":43,"column":7}},"type":"if","locations":[{"start":{"line":28,"column":6},"end":{"line":43,"column":7}},{"start":{"line":41,"column":13},"end":{"line":43,"column":7}}]},"2":{"loc":{"start":{"line":33,"column":8},"end":{"line":40,"column":9}},"type":"if","locations":[{"start":{"line":33,"column":8},"end":{"line":40,"column":9}},{"start":{"line":37,"column":15},"end":{"line":40,"column":9}}]},"3":{"loc":{"start":{"line":38,"column":35},"end":{"line":38,"column":50}},"type":"binary-expr","locations":[{"start":{"line":38,"column":35},"end":{"line":38,"column":45}},{"start":{"line":38,"column":49},"end":{"line":38,"column":50}}]},"4":{"loc":{"start":{"line":77,"column":6},"end":{"line":80,"column":7}},"type":"if","locations":[{"start":{"line":77,"column":6},"end":{"line":80,"column":7}},{"start":{},"end":{}}]}},"s":{"0":1,"1":1,"2":1,"3":1,"4":1,"5":1,"6":1,"7":5,"8":5,"9":5,"10":5,"11":5,"12":5,"13":5,"14":5,"15":5,"16":0,"17":0,"18":0,"19":0,"20":0,"21":0,"22":0,"23":0,"24":5,"25":0,"26":5,"27":5,"28":5,"29":1,"30":1,"31":1,"32":1,"33":1,"34":1,"35":1,"36":2,"37":2,"38":1,"39":1,"40":1},"f":{"0":5,"1":5,"2":5,"3":1,"4":1,"5":1,"6":2,"7":2},"b":{"0":[5,0],"1":[0,5],"2":[0,0],"3":[0,0],"4":[1,1]}}
,"/Users/vishsiddharth/Desktop/breakglasswing/src/governor/fs.veto.ts": {"path":"/Users/vishsiddharth/Desktop/breakglasswing/src/governor/fs.veto.ts","statementMap":{"0":{"start":{"line":1,"column":0},"end":{"line":1,"column":34}},"1":{"start":{"line":2,"column":0},"end":{"line":2,"column":47}},"2":{"start":{"line":3,"column":0},"end":{"line":3,"column":51}},"3":{"start":{"line":4,"column":0},"end":{"line":4,"column":29}},"4":{"start":{"line":5,"column":0},"end":{"line":5,"column":34}},"5":{"start":{"line":11,"column":4},"end":{"line":15,"column":5}},"6":{"start":{"line":12,"column":6},"end":{"line":12,"column":47}},"7":{"start":{"line":14,"column":6},"end":{"line":14,"column":42}},"8":{"start":{"line":18,"column":23},"end":{"line":18,"column":61}},"9":{"start":{"line":19,"column":31},"end":{"line":19,"column":88}},"10":{"start":{"line":22,"column":4},"end":{"line":25,"column":5}},"11":{"start":{"line":23,"column":6},"end":{"line":23,"column":116}},"12":{"start":{"line":24,"column":6},"end":{"line":24,"column":70}},"13":{"start":{"line":28,"column":4},"end":{"line":33,"column":5}},"14":{"start":{"line":29,"column":6},"end":{"line":32,"column":7}},"15":{"start":{"line":30,"column":8},"end":{"line":30,"column":110}},"16":{"start":{"line":31,"column":8},"end":{"line":31,"column":62}},"17":{"start":{"line":36,"column":4},"end":{"line":41,"column":5}},"18":{"start":{"line":37,"column":6},"end":{"line":40,"column":7}},"19":{"start":{"line":38,"column":8},"end":{"line":38,"column":116}},"20":{"start":{"line":39,"column":8},"end":{"line":39,"column":80}},"21":{"start":{"line":44,"column":16},"end":{"line":44,"column":40}},"22":{"start":{"line":45,"column":4},"end":{"line":48,"column":5}},"23":{"start":{"line":46,"column":6},"end":{"line":46,"column":94}},"24":{"start":{"line":47,"column":6},"end":{"line":47,"column":63}},"25":{"start":{"line":7,"column":0},"end":{"line":7,"column":13}}},"fnMap":{"0":{"name":"(anonymous_9)","decl":{"start":{"line":8,"column":2},"end":{"line":8,"column":7}},"loc":{"start":{"line":8,"column":36},"end":{"line":49,"column":3}}}},"branchMap":{"0":{"loc":{"start":{"line":22,"column":4},"end":{"line":25,"column":5}},"type":"if","locations":[{"start":{"line":22,"column":4},"end":{"line":25,"column":5}},{"start":{},"end":{}}]},"1":{"loc":{"start":{"line":29,"column":6},"end":{"line":32,"column":7}},"type":"if","locations":[{"start":{"line":29,"column":6},"end":{"line":32,"column":7}},{"start":{},"end":{}}]},"2":{"loc":{"start":{"line":37,"column":6},"end":{"line":40,"column":7}},"type":"if","locations":[{"start":{"line":37,"column":6},"end":{"line":40,"column":7}},{"start":{},"end":{}}]},"3":{"loc":{"start":{"line":45,"column":4},"end":{"line":48,"column":5}},"type":"if","locations":[{"start":{"line":45,"column":4},"end":{"line":48,"column":5}},{"start":{},"end":{}}]}},"s":{"0":1,"1":1,"2":1,"3":1,"4":1,"5":3,"6":3,"7":2,"8":3,"9":3,"10":3,"11":1,"12":1,"13":2,"14":12,"15":0,"16":0,"17":2,"18":9,"19":1,"20":1,"21":1,"22":1,"23":0,"24":0,"25":1},"f":{"0":3},"b":{"0":[1,2],"1":[0,12],"2":[1,8],"3":[0,1]}}
,"/Users/vishsiddharth/Desktop/breakglasswing/src/governor/governor.ts": {"path":"/Users/vishsiddharth/Desktop/breakglasswing/src/governor/governor.ts","statementMap":{"0":{"start":{"line":1,"column":0},"end":{"line":1,"column":43}},"1":{"start":{"line":2,"column":0},"end":{"line":2,"column":43}},"2":{"start":{"line":3,"column":0},"end":{"line":3,"column":34}},"3":{"start":{"line":4,"column":0},"end":{"line":4,"column":51}},"4":{"start":{"line":11,"column":22},"end":{"line":11,"column":41}},"5":{"start":{"line":12,"column":4},"end":{"line":12,"column":35}},"6":{"start":{"line":13,"column":4},"end":{"line":13,"column":35}},"7":{"start":{"line":14,"column":4},"end":{"line":14,"column":67}},"8":{"start":{"line":18,"column":4},"end":{"line":18,"column":67}},"9":{"start":{"line":20,"column":4},"end":{"line":35,"column":5}},"10":{"start":{"line":21,"column":6},"end":{"line":23,"column":7}},"11":{"start":{"line":22,"column":8},"end":{"line":22,"column":52}},"12":{"start":{"line":25,"column":6},"end":{"line":28,"column":7}},"13":{"start":{"line":27,"column":8},"end":{"line":27,"column":59}},"14":{"start":{"line":30,"column":6},"end":{"line":33,"column":7}},"15":{"start":{"line":31,"column":8},"end":{"line":31,"column":97}},"16":{"start":{"line":32,"column":8},"end":{"line":32,"column":68}},"17":{"start":{"line":34,"column":6},"end":{"line":34,"column":14}},"18":{"start":{"line":37,"column":4},"end":{"line":37,"column":61}},"19":{"start":{"line":7,"column":0},"end":{"line":7,"column":13}}},"fnMap":{"0":{"name":"(anonymous_0)","decl":{"start":{"line":11,"column":2},"end":{"line":11,"column":22}},"loc":{"start":{"line":11,"column":41},"end":{"line":15,"column":3}}},"1":{"name":"(anonymous_1)","decl":{"start":{"line":17,"column":9},"end":{"line":17,"column":14}},"loc":{"start":{"line":17,"column":66},"end":{"line":38,"column":3}}}},"branchMap":{"0":{"loc":{"start":{"line":21,"column":6},"end":{"line":23,"column":7}},"type":"if","locations":[{"start":{"line":21,"column":6},"end":{"line":23,"column":7}},{"start":{},"end":{}}]},"1":{"loc":{"start":{"line":21,"column":10},"end":{"line":21,"column":65}},"type":"binary-expr","locations":[{"start":{"line":21,"column":10},"end":{"line":21,"column":35}},{"start":{"line":21,"column":39},"end":{"line":21,"column":65}}]},"2":{"loc":{"start":{"line":25,"column":6},"end":{"line":28,"column":7}},"type":"if","locations":[{"start":{"line":25,"column":6},"end":{"line":28,"column":7}},{"start":{},"end":{}}]},"3":{"loc":{"start":{"line":30,"column":6},"end":{"line":33,"column":7}},"type":"if","locations":[{"start":{"line":30,"column":6},"end":{"line":33,"column":7}},{"start":{},"end":{}}]}},"s":{"0":1,"1":1,"2":1,"3":1,"4":5,"5":5,"6":5,"7":5,"8":5,"9":5,"10":5,"11":3,"12":3,"13":2,"14":3,"15":3,"16":3,"17":3,"18":2,"19":1},"f":{"0":5,"1":5},"b":{"0":[3,2],"1":[5,2],"2":[2,1],"3":[3,0]}}
,"/Users/vishsiddharth/Desktop/breakglasswing/src/governor/policy.engine.ts": {"path":"/Users/vishsiddharth/Desktop/breakglasswing/src/governor/policy.engine.ts","statementMap":{"0":{"start":{"line":15,"column":0},"end":{"line":15,"column":16}},"1":{"start":{"line":1,"column":0},"end":{"line":1,"column":25}},"2":{"start":{"line":2,"column":0},"end":{"line":2,"column":29}},"3":{"start":{"line":3,"column":0},"end":{"line":3,"column":34}},"4":{"start":{"line":5,"column":13},"end":{"line":11,"column":2}},"5":{"start":{"line":13,"column":20},"end":{"line":13,"column":71}},"6":{"start":{"line":16,"column":2},"end":{"line":18,"column":3}},"7":{"start":{"line":17,"column":4},"end":{"line":17,"column":17}},"8":{"start":{"line":21,"column":2},"end":{"line":30,"column":3}},"9":{"start":{"line":22,"column":4},"end":{"line":27,"column":7}},"10":{"start":{"line":23,"column":6},"end":{"line":26,"column":7}},"11":{"start":{"line":25,"column":8},"end":{"line":25,"column":36}},"12":{"start":{"line":34,"column":2},"end":{"line":51,"column":3}},"13":{"start":{"line":35,"column":4},"end":{"line":35,"column":44}},"14":{"start":{"line":35,"column":37},"end":{"line":35,"column":44}},"15":{"start":{"line":36,"column":17},"end":{"line":36,"column":54}},"16":{"start":{"line":37,"column":19},"end":{"line":37,"column":35}},"17":{"start":{"line":39,"column":4},"end":{"line":39,"column":103}},"18":{"start":{"line":39,"column":47},"end":{"line":39,"column":103}},"19":{"start":{"line":40,"column":4},"end":{"line":40,"column":103}},"20":{"start":{"line":40,"column":47},"end":{"line":40,"column":103}},"21":{"start":{"line":41,"column":4},"end":{"line":41,"column":98}},"22":{"start":{"line":41,"column":36},"end":{"line":41,"column":98}},"23":{"start":{"line":42,"column":4},"end":{"line":42,"column":83}},"24":{"start":{"line":42,"column":31},"end":{"line":42,"column":83}},"25":{"start":{"line":44,"column":4},"end":{"line":46,"column":5}},"26":{"start":{"line":45,"column":6},"end":{"line":45,"column":97}},"27":{"start":{"line":45,"column":77},"end":{"line":45,"column":95}},"28":{"start":{"line":48,"column":4},"end":{"line":48,"column":79}},"29":{"start":{"line":50,"column":4},"end":{"line":50,"column":80}},"30":{"start":{"line":55,"column":0},"end":{"line":55,"column":19}}},"fnMap":{"0":{"name":"initPolicyEngine","decl":{"start":{"line":15,"column":16},"end":{"line":15,"column":32}},"loc":{"start":{"line":15,"column":32},"end":{"line":31,"column":1}}},"1":{"name":"(anonymous_10)","decl":{"start":{"line":22,"column":28},"end":{"line":22,"column":29}},"loc":{"start":{"line":22,"column":52},"end":{"line":27,"column":5}}},"2":{"name":"loadPolicy","decl":{"start":{"line":33,"column":9},"end":{"line":33,"column":19}},"loc":{"start":{"line":33,"column":19},"end":{"line":52,"column":1}}},"3":{"name":"(anonymous_12)","decl":{"start":{"line":45,"column":62},"end":{"line":45,"column":63}},"loc":{"start":{"line":45,"column":77},"end":{"line":45,"column":95}}}},"branchMap":{"0":{"loc":{"start":{"line":6,"column":31},"end":{"line":6,"column":68}},"type":"binary-expr","locations":[{"start":{"line":6,"column":31},"end":{"line":6,"column":58}},{"start":{"line":6,"column":62},"end":{"line":6,"column":68}}]},"1":{"loc":{"start":{"line":7,"column":20},"end":{"line":7,"column":63}},"type":"binary-expr","locations":[{"start":{"line":7,"column":20},"end":{"line":7,"column":46}},{"start":{"line":7,"column":50},"end":{"line":7,"column":63}}]},"2":{"loc":{"start":{"line":16,"column":2},"end":{"line":18,"column":3}},"type":"if","locations":[{"start":{"line":16,"column":2},"end":{"line":18,"column":3}},{"start":{},"end":{}}]},"3":{"loc":{"start":{"line":23,"column":6},"end":{"line":26,"column":7}},"type":"if","locations":[{"start":{"line":23,"column":6},"end":{"line":26,"column":7}},{"start":{},"end":{}}]},"4":{"loc":{"start":{"line":35,"column":4},"end":{"line":35,"column":44}},"type":"if","locations":[{"start":{"line":35,"column":4},"end":{"line":35,"column":44}},{"start":{},"end":{}}]},"5":{"loc":{"start":{"line":39,"column":4},"end":{"line":39,"column":103}},"type":"if","locations":[{"start":{"line":39,"column":4},"end":{"line":39,"column":103}},{"start":{},"end":{}}]},"6":{"loc":{"start":{"line":40,"column":4},"end":{"line":40,"column":103}},"type":"if","locations":[{"start":{"line":40,"column":4},"end":{"line":40,"column":103}},{"start":{},"end":{}}]},"7":{"loc":{"start":{"line":41,"column":4},"end":{"line":41,"column":98}},"type":"if","locations":[{"start":{"line":41,"column":4},"end":{"line":41,"column":98}},{"start":{},"end":{}}]},"8":{"loc":{"start":{"line":42,"column":4},"end":{"line":42,"column":83}},"type":"if","locations":[{"start":{"line":42,"column":4},"end":{"line":42,"column":83}},{"start":{},"end":{}}]},"9":{"loc":{"start":{"line":44,"column":4},"end":{"line":46,"column":5}},"type":"if","locations":[{"start":{"line":44,"column":4},"end":{"line":46,"column":5}},{"start":{},"end":{}}]}},"s":{"0":1,"1":1,"2":1,"3":1,"4":1,"5":1,"6":1,"7":0,"8":1,"9":1,"10":3,"11":0,"12":0,"13":0,"14":0,"15":0,"16":0,"17":0,"18":0,"19":0,"20":0,"21":0,"22":0,"23":0,"24":0,"25":0,"26":0,"27":0,"28":0,"29":0,"30":1},"f":{"0":1,"1":3,"2":0,"3":0},"b":{"0":[1,1],"1":[1,1],"2":[0,1],"3":[0,3],"4":[0,0],"5":[0,0],"6":[0,0],"7":[0,0],"8":[0,0],"9":[0,0]}}
,"/Users/vishsiddharth/Desktop/breakglasswing/src/memory/short.term.ts": {"path":"/Users/vishsiddharth/Desktop/breakglasswing/src/memory/short.term.ts","statementMap":{"0":{"start":{"line":8,"column":32},"end":{"line":8,"column":34}},"1":{"start":{"line":9,"column":34},"end":{"line":9,"column":36}},"2":{"start":{"line":12,"column":4},"end":{"line":12,"column":65}},"3":{"start":{"line":13,"column":4},"end":{"line":13,"column":17}},"4":{"start":{"line":17,"column":4},"end":{"line":17,"column":39}},"5":{"start":{"line":21,"column":4},"end":{"line":34,"column":5}},"6":{"start":{"line":22,"column":6},"end":{"line":22,"column":87}},"7":{"start":{"line":24,"column":29},"end":{"line":24,"column":75}},"8":{"start":{"line":24,"column":55},"end":{"line":24,"column":74}},"9":{"start":{"line":25,"column":28},"end":{"line":25,"column":74}},"10":{"start":{"line":25,"column":54},"end":{"line":25,"column":73}},"11":{"start":{"line":27,"column":26},"end":{"line":27,"column":67}},"12":{"start":{"line":29,"column":6},"end":{"line":33,"column":7}},"13":{"start":{"line":30,"column":8},"end":{"line":30,"column":82}},"14":{"start":{"line":32,"column":8},"end":{"line":32,"column":44}},"15":{"start":{"line":7,"column":0},"end":{"line":7,"column":13}}},"fnMap":{"0":{"name":"(anonymous_0)","decl":{"start":{"line":11,"column":2},"end":{"line":11,"column":12}},"loc":{"start":{"line":11,"column":63},"end":{"line":14,"column":3}}},"1":{"name":"(anonymous_1)","decl":{"start":{"line":16,"column":2},"end":{"line":16,"column":18}},"loc":{"start":{"line":16,"column":37},"end":{"line":18,"column":3}}},"2":{"name":"(anonymous_2)","decl":{"start":{"line":20,"column":10},"end":{"line":20,"column":15}},"loc":{"start":{"line":20,"column":15},"end":{"line":35,"column":3}}},"3":{"name":"(anonymous_3)","decl":{"start":{"line":24,"column":50},"end":{"line":24,"column":51}},"loc":{"start":{"line":24,"column":55},"end":{"line":24,"column":74}}},"4":{"name":"(anonymous_4)","decl":{"start":{"line":25,"column":49},"end":{"line":25,"column":50}},"loc":{"start":{"line":25,"column":54},"end":{"line":25,"column":73}}}},"branchMap":{"0":{"loc":{"start":{"line":16,"column":19},"end":{"line":16,"column":37}},"type":"default-arg","locations":[{"start":{"line":16,"column":35},"end":{"line":16,"column":37}}]},"1":{"loc":{"start":{"line":21,"column":4},"end":{"line":34,"column":5}},"type":"if","locations":[{"start":{"line":21,"column":4},"end":{"line":34,"column":5}},{"start":{},"end":{}}]},"2":{"loc":{"start":{"line":29,"column":6},"end":{"line":33,"column":7}},"type":"if","locations":[{"start":{"line":29,"column":6},"end":{"line":33,"column":7}},{"start":{"line":31,"column":13},"end":{"line":33,"column":7}}]}},"s":{"0":1,"1":1,"2":51,"3":51,"4":1,"5":51,"6":1,"7":1,"8":51,"9":1,"10":51,"11":1,"12":1,"13":1,"14":0,"15":1},"f":{"0":51,"1":1,"2":51,"3":51,"4":51},"b":{"0":[0],"1":[1,50],"2":[1,0]}}
,"/Users/vishsiddharth/Desktop/breakglasswing/src/utils/hash.ts": {"path":"/Users/vishsiddharth/Desktop/breakglasswing/src/utils/hash.ts","statementMap":{"0":{"start":{"line":1,"column":0},"end":{"line":1,"column":36}},"1":{"start":{"line":3,"column":13},"end":{"line":8,"column":2}},"2":{"start":{"line":5,"column":23},"end":{"line":5,"column":46}},"3":{"start":{"line":6,"column":4},"end":{"line":6,"column":82}}},"fnMap":{"0":{"name":"(anonymous_0)","decl":{"start":{"line":4,"column":27},"end":{"line":4,"column":28}},"loc":{"start":{"line":4,"column":52},"end":{"line":7,"column":3}}}},"branchMap":{},"s":{"0":2,"1":2,"2":0,"3":0},"f":{"0":0},"b":{}}
,"/Users/vishsiddharth/Desktop/breakglasswing/src/utils/index.ts": {"path":"/Users/vishsiddharth/Desktop/breakglasswing/src/utils/index.ts","statementMap":{"0":{"start":{"line":1,"column":0},"end":{"line":1,"column":25}},"1":{"start":{"line":2,"column":0},"end":{"line":2,"column":23}}},"fnMap":{},"branchMap":{},"s":{"0":2,"1":2},"f":{},"b":{}}
,"/Users/vishsiddharth/Desktop/breakglasswing/src/utils/logger.ts": {"path":"/Users/vishsiddharth/Desktop/breakglasswing/src/utils/logger.ts","statementMap":{"0":{"start":{"line":1,"column":0},"end":{"line":1,"column":25}},"1":{"start":{"line":2,"column":0},"end":{"line":2,"column":29}},"2":{"start":{"line":3,"column":0},"end":{"line":3,"column":55}},"3":{"start":{"line":5,"column":16},"end":{"line":5,"column":60}},"4":{"start":{"line":6,"column":17},"end":{"line":6,"column":48}},"5":{"start":{"line":9,"column":0},"end":{"line":11,"column":1}},"6":{"start":{"line":10,"column":2},"end":{"line":10,"column":45}},"7":{"start":{"line":13,"column":24},"end":{"line":13,"column":28}},"8":{"start":{"line":16,"column":13},"end":{"line":16,"column":37}},"9":{"start":{"line":17,"column":19},"end":{"line":17,"column":75}},"10":{"start":{"line":19,"column":2},"end":{"line":28,"column":3}},"11":{"start":{"line":20,"column":4},"end":{"line":20,"column":51}},"12":{"start":{"line":23,"column":4},"end":{"line":27,"column":5}},"13":{"start":{"line":24,"column":6},"end":{"line":24,"column":91}},"14":{"start":{"line":30,"column":2},"end":{"line":36,"column":3}},"15":{"start":{"line":31,"column":4},"end":{"line":33,"column":5}},"16":{"start":{"line":32,"column":6},"end":{"line":32,"column":63}},"17":{"start":{"line":40,"column":13},"end":{"line":40,"column":31}},"18":{"start":{"line":41,"column":2},"end":{"line":41,"column":34}},"19":{"start":{"line":44,"column":13},"end":{"line":63,"column":2}},"20":{"start":{"line":46,"column":4},"end":{"line":46,"column":23}},"21":{"start":{"line":49,"column":19},"end":{"line":49,"column":38}},"22":{"start":{"line":50,"column":4},"end":{"line":50,"column":76}},"23":{"start":{"line":51,"column":4},"end":{"line":51,"column":47}},"24":{"start":{"line":54,"column":19},"end":{"line":54,"column":38}},"25":{"start":{"line":55,"column":4},"end":{"line":55,"column":92}},"26":{"start":{"line":56,"column":4},"end":{"line":56,"column":47}},"27":{"start":{"line":59,"column":19},"end":{"line":59,"column":38}},"28":{"start":{"line":60,"column":4},"end":{"line":60,"column":94}},"29":{"start":{"line":61,"column":4},"end":{"line":61,"column":48}}},"fnMap":{"0":{"name":"writeToFile","decl":{"start":{"line":15,"column":9},"end":{"line":15,"column":20}},"loc":{"start":{"line":15,"column":51},"end":{"line":37,"column":1}}},"1":{"name":"correlationPrefix","decl":{"start":{"line":39,"column":9},"end":{"line":39,"column":26}},"loc":{"start":{"line":39,"column":26},"end":{"line":42,"column":1}}},"2":{"name":"(anonymous_11)","decl":{"start":{"line":45,"column":15},"end":{"line":45,"column":16}},"loc":{"start":{"line":45,"column":28},"end":{"line":47,"column":3}}},"3":{"name":"(anonymous_12)","decl":{"start":{"line":48,"column":8},"end":{"line":48,"column":9}},"loc":{"start":{"line":48,"column":28},"end":{"line":52,"column":3}}},"4":{"name":"(anonymous_13)","decl":{"start":{"line":53,"column":8},"end":{"line":53,"column":9}},"loc":{"start":{"line":53,"column":28},"end":{"line":57,"column":3}}},"5":{"name":"(anonymous_14)","decl":{"start":{"line":58,"column":9},"end":{"line":58,"column":10}},"loc":{"start":{"line":58,"column":29},"end":{"line":62,"column":3}}}},"branchMap":{"0":{"loc":{"start":{"line":9,"column":0},"end":{"line":11,"column":1}},"type":"if","locations":[{"start":{"line":9,"column":0},"end":{"line":11,"column":1}},{"start":{},"end":{}}]},"1":{"loc":{"start":{"line":31,"column":4},"end":{"line":33,"column":5}},"type":"if","locations":[{"start":{"line":31,"column":4},"end":{"line":33,"column":5}},{"start":{},"end":{}}]},"2":{"loc":{"start":{"line":41,"column":9},"end":{"line":41,"column":33}},"type":"cond-expr","locations":[{"start":{"line":41,"column":14},"end":{"line":41,"column":28}},{"start":{"line":41,"column":31},"end":{"line":41,"column":33}}]}},"s":{"0":2,"1":2,"2":2,"3":2,"4":2,"5":2,"6":0,"7":2,"8":22,"9":22,"10":22,"11":22,"12":0,"13":0,"14":22,"15":22,"16":0,"17":22,"18":22,"19":2,"20":0,"21":15,"22":15,"23":15,"24":1,"25":1,"26":1,"27":6,"28":6,"29":6},"f":{"0":22,"1":22,"2":0,"3":15,"4":1,"5":6},"b":{"0":[0,2],"1":[0,22],"2":[0,22]}}
}
