TN:
SF:src/core/correlation.ts
FN:20,withCorrelation
FN:28,getCorrelationId
FNF:2
FNH:1
FNDA:0,withCorrelation
FNDA:22,getCorrelationId
DA:7,2
DA:8,2
DA:14,2
DA:20,2
DA:21,0
DA:22,0
DA:28,2
DA:29,22
LF:8
LH:6
BRF:0
BRH:0
end_of_record
TN:
SF:src/core/errors.ts
FN:8,(anonymous_0)
FN:22,(anonymous_1)
FN:30,(anonymous_2)
FN:38,(anonymous_3)
FN:50,(anonymous_4)
FN:58,(anonymous_5)
FN:66,(anonymous_6)
FN:74,(anonymous_7)
FNF:8
FNH:2
FNDA:3,(anonymous_0)
FNDA:3,(anonymous_1)
FNDA:0,(anonymous_2)
FNDA:0,(anonymous_3)
FNDA:0,(anonymous_4)
FNDA:0,(anonymous_5)
FNDA:0,(anonymous_6)
FNDA:0,(anonymous_7)
DA:7,1
DA:10,3
DA:11,3
DA:13,3
DA:14,3
DA:16,3
DA:21,1
DA:23,3
DA:24,3
DA:29,1
DA:31,0
DA:32,0
DA:37,1
DA:40,0
DA:41,0
DA:43,0
DA:44,0
DA:49,1
DA:51,0
DA:52,0
DA:57,1
DA:59,0
DA:60,0
DA:65,1
DA:67,0
DA:68,0
DA:73,1
DA:75,0
DA:76,0
LF:29
LH:15
BRDA:11,0,0,3
BRDA:30,1,0,0
BRDA:41,2,0,0
BRDA:58,3,0,0
BRF:4
BRH:1
end_of_record
TN:
SF:src/core/event.bus.ts
FN:7,(anonymous_0)
FN:9,(anonymous_1)
FN:14,(anonymous_2)
FN:18,(anonymous_3)
FN:22,(anonymous_4)
FNF:5
FNH:2
FNDA:5,(anonymous_0)
FNDA:0,(anonymous_1)
FNDA:3,(anonymous_2)
FNDA:0,(anonymous_3)
FNDA:0,(anonymous_4)
DA:1,1
DA:4,1
DA:5,5
DA:9,5
DA:10,0
DA:15,3
DA:19,0
DA:23,0
LF:8
LH:5
BRF:0
BRH:0
end_of_record
TN:
SF:src/credits/api.key.manager.ts
FN:23,(anonymous_0)
FN:26,(anonymous_1)
FN:39,(anonymous_2)
FN:74,(anonymous_3)
FN:124,(anonymous_4)
FN:125,(anonymous_5)
FNF:6
FNH:4
FNDA:2,(anonymous_0)
FNDA:6,(anonymous_1)
FNDA:8,(anonymous_2)
FNDA:1,(anonymous_3)
FNDA:0,(anonymous_4)
FNDA:0,(anonymous_5)
DA:1,1
DA:14,1
DA:15,2
DA:16,2
DA:19,2
DA:20,2
DA:21,2
DA:25,2
DA:26,6
DA:36,2
DA:40,8
DA:42,8
DA:43,8
DA:46,8
DA:47,9
DA:48,9
DA:50,9
DA:51,8
DA:52,8
DA:53,8
DA:58,0
DA:59,0
DA:61,0
DA:62,0
DA:63,0
DA:64,0
DA:68,0
DA:69,0
DA:71,0
DA:75,1
DA:76,1
DA:78,1
DA:79,0
DA:80,0
DA:81,0
DA:82,0
DA:83,0
DA:84,0
DA:87,1
DA:89,1
DA:90,1
DA:91,1
DA:93,1
DA:94,1
DA:100,1
DA:101,1
DA:103,1
DA:105,0
DA:106,0
DA:107,0
DA:108,0
DA:110,0
DA:111,0
DA:112,0
DA:113,0
DA:115,0
DA:116,0
DA:118,0
DA:119,0
DA:120,0
DA:125,0
LF:61
LH:32
BRDA:40,0,0,0
BRDA:40,0,1,8
BRDA:50,1,0,8
BRDA:50,1,1,1
BRDA:62,2,0,0
BRDA:62,2,1,0
BRDA:74,3,0,1
BRDA:78,4,0,0
BRDA:78,4,1,1
BRDA:78,5,0,1
BRDA:78,5,1,1
BRDA:89,6,0,1
BRDA:89,6,1,0
BRDA:93,7,0,1
BRDA:93,7,1,0
BRDA:105,8,0,0
BRDA:105,8,1,0
BRDA:110,9,0,0
BRDA:110,9,1,0
BRDA:115,10,0,0
BRDA:115,10,1,0
BRDA:115,11,0,0
BRDA:115,11,1,0
BRDA:118,12,0,0
BRDA:118,12,1,0
BRDA:127,13,0,0
BRDA:127,13,1,0
BRDA:127,14,0,0
BRDA:127,14,1,0
BRF:29
BRH:9
end_of_record
TN:
SF:src/governor/budget.veto.ts
FN:14,(anonymous_9)
FN:26,(anonymous_10)
FN:49,(anonymous_11)
FN:58,(anonymous_12)
FN:67,(anonymous_13)
FN:68,(anonymous_14)
FN:75,(anonymous_15)
FN:76,(anonymous_16)
FNF:8
FNH:8
FNDA:5,(anonymous_9)
FNDA:5,(anonymous_10)
FNDA:5,(anonymous_11)
FNDA:1,(anonymous_12)
FNDA:1,(anonymous_13)
FNDA:1,(anonymous_14)
FNDA:2,(anonymous_15)
FNDA:2,(anonymous_16)
DA:1,1
DA:2,1
DA:3,1
DA:4,1
DA:5,1
DA:6,1
DA:7,1
DA:9,1
DA:10,5
DA:12,5
DA:15,5
DA:16,5
DA:19,5
DA:20,5
DA:23,5
DA:27,5
DA:28,5
DA:29,0
DA:32,0
DA:33,0
DA:34,0
DA:35,0
DA:36,0
DA:38,0
DA:39,0
DA:42,5
DA:45,0
DA:50,5
DA:51,5
DA:55,5
DA:59,1
DA:60,1
DA:64,1
DA:68,1
DA:69,1
DA:70,1
DA:71,1
DA:76,2
DA:77,2
DA:78,1
DA:79,1
LF:41
LH:32
BRDA:19,0,0,5
BRDA:19,0,1,0
BRDA:28,1,0,0
BRDA:28,1,1,5
BRDA:33,2,0,0
BRDA:33,2,1,0
BRDA:38,3,0,0
BRDA:38,3,1,0
BRDA:77,4,0,1
BRDA:77,4,1,1
BRF:10
BRH:4
end_of_record
TN:
SF:src/governor/fs.veto.ts
FN:8,(anonymous_9)
FNF:1
FNH:1
FNDA:3,(anonymous_9)
DA:1,1
DA:2,1
DA:3,1
DA:4,1
DA:5,1
DA:7,1
DA:11,3
DA:12,3
DA:14,2
DA:18,3
DA:19,3
DA:22,3
DA:23,1
DA:24,1
DA:28,2
DA:29,12
DA:30,0
DA:31,0
DA:36,2
DA:37,9
DA:38,1
DA:39,1
DA:44,1
DA:45,1
DA:46,0
DA:47,0
LF:26
LH:22
BRDA:22,0,0,1
BRDA:22,0,1,2
BRDA:29,1,0,0
BRDA:29,1,1,12
BRDA:37,2,0,1
BRDA:37,2,1,8
BRDA:45,3,0,0
BRDA:45,3,1,1
BRF:8
BRH:6
end_of_record
TN:
SF:src/governor/governor.ts
FN:11,(anonymous_0)
FN:17,(anonymous_1)
FNF:2
FNH:2
FNDA:5,(anonymous_0)
FNDA:5,(anonymous_1)
DA:1,1
DA:2,1
DA:3,1
DA:4,1
DA:7,1
DA:11,5
DA:12,5
DA:13,5
DA:14,5
DA:18,5
DA:20,5
DA:21,5
DA:22,3
DA:25,3
DA:27,2
DA:30,3
DA:31,3
DA:32,3
DA:34,3
DA:37,2
LF:20
LH:20
BRDA:21,0,0,3
BRDA:21,0,1,2
BRDA:21,1,0,5
BRDA:21,1,1,2
BRDA:25,2,0,2
BRDA:25,2,1,1
BRDA:30,3,0,3
BRDA:30,3,1,0
BRF:8
BRH:7
end_of_record
TN:
SF:src/governor/policy.engine.ts
FN:15,initPolicyEngine
FN:22,(anonymous_10)
FN:33,loadPolicy
FN:45,(anonymous_12)
FNF:4
FNH:2
FNDA:1,initPolicyEngine
FNDA:3,(anonymous_10)
FNDA:0,loadPolicy
FNDA:0,(anonymous_12)
DA:1,1
DA:2,1
DA:3,1
DA:5,1
DA:13,1
DA:15,1
DA:16,1
DA:17,0
DA:21,1
DA:22,1
DA:23,3
DA:25,0
DA:34,0
DA:35,0
DA:36,0
DA:37,0
DA:39,0
DA:40,0
DA:41,0
DA:42,0
DA:44,0
DA:45,0
DA:48,0
DA:50,0
DA:55,1
LF:25
LH:11
BRDA:6,0,0,1
BRDA:6,0,1,1
BRDA:7,1,0,1
BRDA:7,1,1,1
BRDA:16,2,0,0
BRDA:16,2,1,1
BRDA:23,3,0,0
BRDA:23,3,1,3
BRDA:35,4,0,0
BRDA:35,4,1,0
BRDA:39,5,0,0
BRDA:39,5,1,0
BRDA:40,6,0,0
BRDA:40,6,1,0
BRDA:41,7,0,0
BRDA:41,7,1,0
BRDA:42,8,0,0
BRDA:42,8,1,0
BRDA:44,9,0,0
BRDA:44,9,1,0
BRF:20
BRH:6
end_of_record
TN:
SF:src/memory/short.term.ts
FN:11,(anonymous_0)
FN:16,(anonymous_1)
FN:20,(anonymous_2)
FN:24,(anonymous_3)
FN:25,(anonymous_4)
FNF:5
FNH:5
FNDA:51,(anonymous_0)
FNDA:1,(anonymous_1)
FNDA:51,(anonymous_2)
FNDA:51,(anonymous_3)
FNDA:51,(anonymous_4)
DA:7,1
DA:8,1
DA:9,1
DA:12,51
DA:13,51
DA:17,1
DA:21,51
DA:22,1
DA:24,51
DA:25,51
DA:27,1
DA:29,1
DA:30,1
DA:32,0
LF:14
LH:13
BRDA:16,0,0,0
BRDA:21,1,0,1
BRDA:21,1,1,50
BRDA:29,2,0,1
BRDA:29,2,1,0
BRF:5
BRH:3
end_of_record
TN:
SF:src/utils/hash.ts
FN:4,(anonymous_0)
FNF:1
FNH:0
FNDA:0,(anonymous_0)
DA:1,2
DA:3,2
DA:5,0
DA:6,0
LF:4
LH:2
BRF:0
BRH:0
end_of_record
TN:
SF:src/utils/index.ts
FNF:0
FNH:0
DA:1,2
DA:2,2
LF:2
LH:2
BRF:0
BRH:0
end_of_record
TN:
SF:src/utils/logger.ts
FN:15,writeToFile
FN:39,correlationPrefix
FN:45,(anonymous_11)
FN:48,(anonymous_12)
FN:53,(anonymous_13)
FN:58,(anonymous_14)
FNF:6
FNH:5
FNDA:22,writeToFile
FNDA:22,correlationPrefix
FNDA:0,(anonymous_11)
FNDA:15,(anonymous_12)
FNDA:1,(anonymous_13)
FNDA:6,(anonymous_14)
DA:1,2
DA:2,2
DA:3,2
DA:5,2
DA:6,2
DA:9,2
DA:10,0
DA:13,2
DA:16,22
DA:17,22
DA:19,22
DA:20,22
DA:23,0
DA:24,0
DA:30,22
DA:31,22
DA:32,0
DA:40,22
DA:41,22
DA:44,2
DA:46,0
DA:49,15
DA:50,15
DA:51,15
DA:54,1
DA:55,1
DA:56,1
DA:59,6
DA:60,6
DA:61,6
LF:30
LH:25
BRDA:9,0,0,0
BRDA:9,0,1,2
BRDA:31,1,0,0
BRDA:31,1,1,22
BRDA:41,2,0,0
BRDA:41,2,1,22
BRF:6
BRH:3
end_of_record
